<testsuites name="jest tests" tests="76" failures="3" time="547.96">
  <testsuite name="/test/e2e/GUI_test_01.spec.js" errors="0" failures="3" skipped="0" timestamp="2022-02-02T00:53:14" time="547.757" tests="76">
    <testcase classname="FRET GUI E2E tests -I/E - 1" name="FRET GUI E2E tests -I/E - 1" time="6.019">
    </testcase>
    <testcase classname="FRET GUI E2E tests -SELECT TABLE" name="FRET GUI E2E tests -SELECT TABLE" time="5.899">
    </testcase>
    <testcase classname="FRET GUI E2E tests -SELECT ANALYSIS PORTAL THEN DASHBOARD" name="FRET GUI E2E tests -SELECT ANALYSIS PORTAL THEN DASHBOARD" time="6.437">
    </testcase>
    <testcase classname="FRET GUI E2E tests -SELECT HELP" name="FRET GUI E2E tests -SELECT HELP" time="5.873">
    </testcase>
    <testcase classname="FRET GUI E2E tests -SELECT MENU OPEN DRAWER" name="FRET GUI E2E tests -SELECT MENU OPEN DRAWER" time="6.39">
      <failure>Error: expect(received).toBe(expected) // Object.is equality

Expected value to be:
  &quot;Analysis Portal&quot;
Received:
  {}

Difference:

  Comparing two different types of values. Expected string but received object.
    at Object.&lt;anonymous&gt; (/Users/ktrinh/fret/sqa8/fret-electron/test/e2e/GUI_test_01.spec.js:226:29)
    at Generator.next (&lt;anonymous&gt;)
    at step (/Users/ktrinh/fret/sqa8/fret-electron/test/e2e/GUI_test_01.spec.js:25:191)
    at /Users/ktrinh/fret/sqa8/fret-electron/test/e2e/GUI_test_01.spec.js:25:361
    at process._tickCallback (internal/process/next_tick.js:68:7)</failure>
    </testcase>
    <testcase classname="FRET GUI E2E tests -SELECT PROJECTS" name="FRET GUI E2E tests -SELECT PROJECTS" time="6.359">
    </testcase>
    <testcase classname="FRET GUI E2E tests -READING FEEDS" name="FRET GUI E2E tests -READING FEEDS" time="5.631">
    </testcase>
    <testcase classname="FRET GUI E2E tests -ASSISTANT TAB - SCOPE" name="FRET GUI E2E tests -ASSISTANT TAB - SCOPE" time="6.565">
      <failure>Error: expect(object).toContain(value)

Expected object:
  {}
To contain value:
  &quot;specifies where the requirement must hold: in intervals defined with respect to a MODE, e.g.&quot;
    at Object.&lt;anonymous&gt; (/Users/ktrinh/fret/sqa8/fret-electron/test/e2e/GUI_test_01.spec.js:284:29)
    at Generator.next (&lt;anonymous&gt;)
    at step (/Users/ktrinh/fret/sqa8/fret-electron/test/e2e/GUI_test_01.spec.js:25:191)
    at /Users/ktrinh/fret/sqa8/fret-electron/test/e2e/GUI_test_01.spec.js:25:361
    at process._tickCallback (internal/process/next_tick.js:68:7)</failure>
    </testcase>
    <testcase classname="FRET GUI E2E tests -ASSISTANT TAB - CONDITIONS" name="FRET GUI E2E tests -ASSISTANT TAB - CONDITIONS" time="6.576">
    </testcase>
    <testcase classname="FRET GUI E2E tests -ASSISTANT TAB - COMPONENT" name="FRET GUI E2E tests -ASSISTANT TAB - COMPONENT" time="6.507">
    </testcase>
    <testcase classname="FRET GUI E2E tests -ASSISTANT TAB - TIMING" name="FRET GUI E2E tests -ASSISTANT TAB - TIMING" time="6.524">
    </testcase>
    <testcase classname="FRET GUI E2E tests -ASSISTANT TAB - RESPONSES" name="FRET GUI E2E tests -ASSISTANT TAB - RESPONSES" time="6.533">
    </testcase>
    <testcase classname="FRET GUI E2E tests -ASSISTANT TAB - SEMANTICS" name="FRET GUI E2E tests -ASSISTANT TAB - SEMANTICS" time="6.458">
    </testcase>
    <testcase classname="FRET GUI E2E tests -ASSISTANT TAB - SEMANTICS LTLSIM" name="FRET GUI E2E tests -ASSISTANT TAB - SEMANTICS LTLSIM" time="6.321">
    </testcase>
    <testcase classname="FRET GUI E2E tests -ASSISTANT TAB - SEMANTICS DIAGRAM" name="FRET GUI E2E tests -ASSISTANT TAB - SEMANTICS DIAGRAM" time="6.352">
    </testcase>
    <testcase classname="FRET GUI E2E tests -ASSISTANT TAB - SEMANTICS PAST TIME" name="FRET GUI E2E tests -ASSISTANT TAB - SEMANTICS PAST TIME" time="6.49">
    </testcase>
    <testcase classname="FRET GUI E2E tests -ASSISTANT TAB - SEMANTICS FUTURE TIME" name="FRET GUI E2E tests -ASSISTANT TAB - SEMANTICS FUTURE TIME" time="6.635">
    </testcase>
    <testcase classname="FRET GUI E2E tests -CREATE NEW REQUIREMENT-GLOSSARY CB" name="FRET GUI E2E tests -CREATE NEW REQUIREMENT-GLOSSARY CB" time="6.675">
    </testcase>
    <testcase classname="FRET GUI E2E tests -CREATE NEW REQUIREMENT-GLOSSARY" name="FRET GUI E2E tests -CREATE NEW REQUIREMENT-GLOSSARY" time="6.62">
    </testcase>
    <testcase classname="FRET GUI E2E tests -CREATE NEW REQUIREMENT-TEMPLATES" name="FRET GUI E2E tests -CREATE NEW REQUIREMENT-TEMPLATES" time="6.366">
    </testcase>
    <testcase classname="FRET GUI E2E tests -CREATE NEW REQUIREMENT-ASSISTANT" name="FRET GUI E2E tests -CREATE NEW REQUIREMENT-ASSISTANT" time="6.723">
    </testcase>
    <testcase classname="FRET GUI E2E tests -CREATE NEW REQUIREMENT-STATUS" name="FRET GUI E2E tests -CREATE NEW REQUIREMENT-STATUS" time="6.512">
    </testcase>
    <testcase classname="FRET GUI E2E tests -CREATE NEW REQUIREMENT-REQUIREMENT ID" name="FRET GUI E2E tests -CREATE NEW REQUIREMENT-REQUIREMENT ID" time="8.703">
    </testcase>
    <testcase classname="FRET GUI E2E tests -CREATE NEW REQUIREMENT-PARENT REQUIREMENT ID" name="FRET GUI E2E tests -CREATE NEW REQUIREMENT-PARENT REQUIREMENT ID" time="6.547">
    </testcase>
    <testcase classname="FRET GUI E2E tests -CREATE NEW REQUIREMENT-PROJECT MENU" name="FRET GUI E2E tests -CREATE NEW REQUIREMENT-PROJECT MENU" time="6.395">
    </testcase>
    <testcase classname="FRET GUI E2E tests -CREATE NEW REQUIREMENT-RATIONAL AMD COMMENTS" name="FRET GUI E2E tests -CREATE NEW REQUIREMENT-RATIONAL AMD COMMENTS" time="7.956">
    </testcase>
    <testcase classname="FRET GUI E2E tests -CREATE NEW REQUIREMENT-SCOPE BUBLE" name="FRET GUI E2E tests -CREATE NEW REQUIREMENT-SCOPE BUBLE" time="6.674">
    </testcase>
    <testcase classname="FRET GUI E2E tests -CREATE NEW REQUIREMENT-CONDITIONS BUBLE" name="FRET GUI E2E tests -CREATE NEW REQUIREMENT-CONDITIONS BUBLE" time="6.394">
    </testcase>
    <testcase classname="FRET GUI E2E tests -CREATE NEW REQUIREMENT-COMPONENT BUBLE" name="FRET GUI E2E tests -CREATE NEW REQUIREMENT-COMPONENT BUBLE" time="7.178">
    </testcase>
    <testcase classname="FRET GUI E2E tests -CREATE NEW REQUIREMENT-TIMING BUBLE" name="FRET GUI E2E tests -CREATE NEW REQUIREMENT-TIMING BUBLE" time="6.452">
    </testcase>
    <testcase classname="FRET GUI E2E tests -CREATE NEW REQUIREMENT-RESPONSES BUBLE" name="FRET GUI E2E tests -CREATE NEW REQUIREMENT-RESPONSES BUBLE" time="6.354">
    </testcase>
    <testcase classname="FRET GUI E2E tests -CREATE NEW REQUIREMENT-?" name="FRET GUI E2E tests -CREATE NEW REQUIREMENT-?" time="6.448">
    </testcase>
    <testcase classname="FRET GUI E2E tests -CREATE NEW REQUIREMENT-RESPONSES BUBLE" name="FRET GUI E2E tests -CREATE NEW REQUIREMENT-RESPONSES BUBLE" time="6.394">
    </testcase>
    <testcase classname="FRET GUI E2E tests -CREATE NEW REQUIREMENT-RESPONSES BUBLE" name="FRET GUI E2E tests -CREATE NEW REQUIREMENT-RESPONSES BUBLE" time="6.373">
    </testcase>
    <testcase classname="FRET GUI E2E tests -CREATE REQUIREMENT - CANCEL" name="FRET GUI E2E tests -CREATE REQUIREMENT - CANCEL" time="6.882">
    </testcase>
    <testcase classname="FRET GUI E2E tests -SORTABLE TABLE-STATUS HEAD" name="FRET GUI E2E tests -SORTABLE TABLE-STATUS HEAD" time="6.098">
    </testcase>
    <testcase classname="FRET GUI E2E tests -SORTABLE TABLE-REQID HEAD" name="FRET GUI E2E tests -SORTABLE TABLE-REQID HEAD" time="6.107">
    </testcase>
    <testcase classname="FRET GUI E2E tests -SORTABLE TABLE-ADD HEAD" name="FRET GUI E2E tests -SORTABLE TABLE-ADD HEAD" time="5.983">
    </testcase>
    <testcase classname="FRET GUI E2E tests -SORTABLE TABLE-SUMMARY HEAD" name="FRET GUI E2E tests -SORTABLE TABLE-SUMMARY HEAD" time="5.98">
    </testcase>
    <testcase classname="FRET GUI E2E tests -SORTABLE TABLE-PROJECT HEAD" name="FRET GUI E2E tests -SORTABLE TABLE-PROJECT HEAD" time="6.003">
    </testcase>
    <testcase classname="FRET GUI E2E tests -SORTABLE TABLE-BULK CHANGE FORWARD" name="FRET GUI E2E tests -SORTABLE TABLE-BULK CHANGE FORWARD" time="6.139">
    </testcase>
    <testcase classname="FRET GUI E2E tests -SORTABLE TABLE-BULK CHANGE REVERSE" name="FRET GUI E2E tests -SORTABLE TABLE-BULK CHANGE REVERSE" time="6.102">
    </testcase>
    <testcase classname="FRET GUI E2E tests -DELETING A PROJECT" name="FRET GUI E2E tests -DELETING A PROJECT" time="7.24">
    </testcase>
    <testcase classname="FRET GUI E2E tests -DISPLAY REQUIREMENT: READ TEXTS" name="FRET GUI E2E tests -DISPLAY REQUIREMENT: READ TEXTS" time="7.301">
    </testcase>
    <testcase classname="FRET GUI E2E tests -UPDATE NEW REQUIREMENT-REQUIREMENT ID" name="FRET GUI E2E tests -UPDATE NEW REQUIREMENT-REQUIREMENT ID" time="6.366">
    </testcase>
    <testcase classname="FRET GUI E2E tests -CREATE A NEW PROJECT-CANCEL" name="FRET GUI E2E tests -CREATE A NEW PROJECT-CANCEL" time="8.443">
    </testcase>
    <testcase classname="FRET GUI E2E tests -SELECTING A PROJECT" name="FRET GUI E2E tests -SELECTING A PROJECT" time="6.41">
    </testcase>
    <testcase classname="FRET GUI E2E tests -CREATE A NEW PROJECT-OK" name="FRET GUI E2E tests -CREATE A NEW PROJECT-OK" time="6.79">
    </testcase>
    <testcase classname="FRET GUI E2E tests -SELECT THE LM_requirements PROJECT" name="FRET GUI E2E tests -SELECT THE LM_requirements PROJECT" time="6.662">
    </testcase>
    <testcase classname="FRET GUI E2E tests -VARIABLE VIEW-SELECTED PROJECT" name="FRET GUI E2E tests -VARIABLE VIEW-SELECTED PROJECT" time="9.332">
    </testcase>
    <testcase classname="FRET GUI E2E tests -VARIABLE VIEW-HELP" name="FRET GUI E2E tests -VARIABLE VIEW-HELP" time="9.521">
    </testcase>
    <testcase classname="FRET GUI E2E tests -VARIABLE VIEW-EXPANDICON" name="FRET GUI E2E tests -VARIABLE VIEW-EXPANDICON" time="9.461">
    </testcase>
    <testcase classname="FRET GUI E2E tests -VARIABLE VIEW-EXPORT LANGUAGE CoPilot" name="FRET GUI E2E tests -VARIABLE VIEW-EXPORT LANGUAGE CoPilot" time="9.469">
    </testcase>
    <testcase classname="FRET GUI E2E tests -VARIABLE VIEW-SORTABLE TABLE" name="FRET GUI E2E tests -VARIABLE VIEW-SORTABLE TABLE" time="9.85">
    </testcase>
    <testcase classname="FRET GUI E2E tests -VARIABLE VIEW-EXPORT LANGUAGE CoCoSpec" name="FRET GUI E2E tests -VARIABLE VIEW-EXPORT LANGUAGE CoCoSpec" time="9.586">
    </testcase>
    <testcase classname="FRET GUI E2E tests -VARIABLE VIEW-DISPLAY VARIABLE-FUNCTION" name="FRET GUI E2E tests -VARIABLE VIEW-DISPLAY VARIABLE-FUNCTION" time="9.815">
    </testcase>
    <testcase classname="FRET GUI E2E tests -VARIABLE VIEW-DISPLAY VARIABLE-INPUT" name="FRET GUI E2E tests -VARIABLE VIEW-DISPLAY VARIABLE-INPUT" time="10.039">
    </testcase>
    <testcase classname="FRET GUI E2E tests -VARIABLE VIEW-DISPLAY VARIABLE-MODE" name="FRET GUI E2E tests -VARIABLE VIEW-DISPLAY VARIABLE-MODE" time="11.197">
    </testcase>
    <testcase classname="FRET GUI E2E tests -REALIZABILITY VIEW-101" name="FRET GUI E2E tests -REALIZABILITY VIEW-101" time="11.409">
    </testcase>
    <testcase classname="FRET GUI E2E tests -DELETING PROJECT" name="FRET GUI E2E tests -DELETING PROJECT" time="19.748">
      <failure>element click intercepted: element click intercepted: Element &lt;button class=&quot;MuiButtonBase-root MuiButton-root MuiButton-text MuiButton-textSecondary MuiButton-textSizeSmall MuiButton-sizeSmall&quot; tabindex=&quot;0&quot; type=&quot;button&quot; id=&quot;qa_db_btn_projects&quot; aria-haspopup=&quot;true&quot; style=&quot;text-transform: none;&quot; aria-owns=&quot;simple-menu&quot;&gt;...&lt;/button&gt; is not clickable at point (209, 35). Other element would receive the click: &lt;span class=&quot;MuiTypography-root MuiListItemText-primary MuiTypography-body2 MuiTypography-displayBlock&quot;&gt;...&lt;/span&gt;
  (Session info: chrome=87.0.4280.141)
    at Object.getErrorFromResponseBody (/Users/ktrinh/fret/sqa8/fret-electron/node_modules/webdriver/build/utils.js:94:12)
    at WebDriverRequest._request (/Users/ktrinh/fret/sqa8/fret-electron/node_modules/webdriver/build/request.js:134:31)
    at process._tickCallback (internal/process/next_tick.js:68:7)</failure>
    </testcase>
    <testcase classname="FRET GUI E2E tests -DELETING ALL PROJECT" name="FRET GUI E2E tests -DELETING ALL PROJECT" time="36.873">
    </testcase>
    <testcase classname="FRET GUI E2E tests -CREATE NEW PROJECT" name="FRET GUI E2E tests -CREATE NEW PROJECT" time="6.509">
    </testcase>
    <testcase classname="FRET GUI E2E tests -I/E - 1A " name="FRET GUI E2E tests -I/E - 1A " time="3.643">
    </testcase>
    <testcase classname="FRET GUI E2E tests -I/E - 1B" name="FRET GUI E2E tests -I/E - 1B" time="4.651">
    </testcase>
    <testcase classname="FRET GUI E2E tests -I/E - 2 " name="FRET GUI E2E tests -I/E - 2 " time="3.94">
    </testcase>
    <testcase classname="FRET GUI E2E tests -I/E - 3" name="FRET GUI E2E tests -I/E - 3" time="3.508">
    </testcase>
    <testcase classname="FRET GUI E2E tests -I/E - 4" name="FRET GUI E2E tests -I/E - 4" time="3.485">
    </testcase>
    <testcase classname="FRET GUI E2E tests -I/E - 5" name="FRET GUI E2E tests -I/E - 5" time="2.834">
    </testcase>
    <testcase classname="FRET GUI E2E tests -I/E - 6" name="FRET GUI E2E tests -I/E - 6" time="2.861">
    </testcase>
    <testcase classname="FRET GUI E2E tests -DA - 1" name="FRET GUI E2E tests -DA - 1" time="9.329">
    </testcase>
    <testcase classname="FRET GUI E2E tests -RTF - 1" name="FRET GUI E2E tests -RTF - 1" time="4.411">
    </testcase>
    <testcase classname="FRET GUI E2E tests -RTF - 2" name="FRET GUI E2E tests -RTF - 2" time="7.055">
    </testcase>
    <testcase classname="FRET GUI E2E tests -RCE - 2" name="FRET GUI E2E tests -RCE - 2" time="6.35">
    </testcase>
    <testcase classname="FRET GUI E2E tests -RCE - 3" name="FRET GUI E2E tests -RCE - 3" time="2.869">
    </testcase>
    <testcase classname="FRET GUI E2E tests -RCE - 4" name="FRET GUI E2E tests -RCE - 4" time="2.869">
    </testcase>
    <testcase classname="FRET GUI E2E tests -SF - 1" name="FRET GUI E2E tests -SF - 1" time="2.677">
    </testcase>
  </testsuite>
</testsuites>